c:\users\andrej\documents\visual studio projects\lsystems\lsystems\x64\release\vc142.pdb
c:\users\andrej\documents\visual studio projects\lsystems\lsystems\x64\release\testscene.obj
c:\users\andrej\documents\visual studio projects\lsystems\lsystems\x64\release\window.obj
c:\users\andrej\documents\visual studio projects\lsystems\lsystems\x64\release\main.obj
c:\users\andrej\documents\visual studio projects\lsystems\lsystems\x64\release\log.obj
c:\users\andrej\documents\visual studio projects\lsystems\lsystems\x64\release\shader.obj
c:\users\andrej\documents\visual studio projects\lsystems\lsystems\x64\release\mesh.obj
c:\users\andrej\documents\visual studio projects\lsystems\lsystems\x64\release\transform.obj
c:\users\andrej\documents\visual studio projects\lsystems\lsystems\x64\release\perspectivecamera.obj
c:\users\andrej\documents\visual studio projects\lsystems\lsystems\x64\release\orthographiccamera.obj
c:\users\andrej\documents\visual studio projects\lsystems\lsystems\x64\release\mainwindow.obj
c:\users\andrej\documents\visual studio projects\lsystems\lsystems\x64\release\lsystem.obj
c:\users\andrej\documents\visual studio projects\lsystems\lsystems\x64\release\templsystems.obj
c:\users\andrej\documents\visual studio projects\lsystems\lsystems\x64\release\testwindow.obj
c:\users\andrej\documents\visual studio projects\lsystems\lsystems\x64\release\glad.obj
c:\users\andrej\documents\visual studio projects\lsystems\lsystems\x64\release\texture.obj
c:\users\andrej\documents\visual studio projects\lsystems\lsystems\x64\release\font.obj
c:\users\andrej\documents\visual studio projects\lsystems\lsystems\x64\release\button.obj
c:\users\andrej\documents\visual studio projects\lsystems\lsystems\x64\release\label.obj
c:\users\andrej\documents\visual studio projects\lsystems\lsystems\x64\release\textedit.obj
c:\users\andrej\documents\visual studio projects\lsystems\lsystems\x64\release\combobox.obj
c:\users\andrej\documents\visual studio projects\lsystems\lsystems\x64\release\trackpad.obj
c:\users\andrej\documents\visual studio projects\lsystems\x64\release\lsystems.exe
c:\users\andrej\documents\visual studio projects\lsystems\x64\release\lsystems.pdb
c:\users\andrej\documents\visual studio projects\lsystems\x64\release\lsystems.ipdb
c:\users\andrej\documents\visual studio projects\lsystems\x64\release\lsystems.iobj
c:\users\andrej\documents\visual studio projects\lsystems\lsystems\x64\release\lsystems.tlog\cl.command.1.tlog
c:\users\andrej\documents\visual studio projects\lsystems\lsystems\x64\release\lsystems.tlog\cl.read.1.tlog
c:\users\andrej\documents\visual studio projects\lsystems\lsystems\x64\release\lsystems.tlog\cl.write.1.tlog
c:\users\andrej\documents\visual studio projects\lsystems\lsystems\x64\release\lsystems.tlog\link.command.1.tlog
c:\users\andrej\documents\visual studio projects\lsystems\lsystems\x64\release\lsystems.tlog\link.read.1.tlog
c:\users\andrej\documents\visual studio projects\lsystems\lsystems\x64\release\lsystems.tlog\link.write.1.tlog
c:\users\andrej\documents\visual studio projects\lsystems\lsystems\x64\release\lsystems.tlog\lsystems.write.1u.tlog
